2026-01-08 15:42:17 [queue.INFO] [yii\db\Connection::open] Opening DB connection: mysql:host=db;dbname=db;port=3306 {"memory":810520} 
2026-01-08 15:42:17 [queue.INFO] [yii\web\Session::open] Session started {"memory":1294248} 
2026-01-08 15:42:17 [queue.INFO] [nystudio107\codeeditor\CodeEditor::bootstrap] CodeEditor module bootstrapped {"memory":1326416} 
2026-01-08 15:42:17 [queue.INFO] [yii\db\Connection::open] Opening DB connection: mysql:host=db;dbname=db;port=3306 {"memory":1863064} 
2026-01-08 15:42:17 [queue.INFO] [craft\queue\QueueLogBehavior::beforeExec]  [24] t9n:["app","Updating search indexes"] (attempt: 1, pid: 54104) - Started {"memory":1922808} 
2026-01-08 15:42:17 [queue.INFO] [craft\queue\QueueLogBehavior::afterExec]  [24] t9n:["app","Updating search indexes"] (attempt: 1, pid: 54104) - Done (time: 0.044s) {"memory":2287224} 
2026-01-08 15:42:17 [queue.INFO] [application] Request context:
$_GET = [
    'p' => 'admin/actions/queue/run'
    'v' => '1767886937519'
]

$_POST = []

$_FILES = []

$_COOKIE = [
    '_ga_6HWZ1LZRXD' => 'GS2.1.s1765728966$o15$g0$t1765728966$j60$l0$h0'
    '_ga_K0KW1BWRG5' => 'GS2.1.s1765728966$o15$g0$t1765728966$j60$l0$h0'
    '_ga_F0QD5V46WT' => 'GS2.1.s1765880621$o4$g1$t1765881927$j60$l0$h0'
    '_ga_NC92H6VZNQ' => 'GS2.1.s1766060755$o28$g1$t1766061157$j44$l0$h0'
    'ffb7d9598ebafef0470704b93df90ee9username' => 'c1ae39c0af8a80c6d3e498cd4e13fbb0f237e659s:56:\"31a5c2b19a201ea022296b7696060aaa5868cb0aczo1OiJBZG1pbiI7\";'
    '6d36deeeac1e09a51631a0533eb7975a_username' => '19e2b3750280233200d0250a5fa7b5334567b7f27f24aee33d5d748439bdf4cda:2:{i:0;s:41:\"6d36deeeac1e09a51631a0533eb7975a_username\";i:1;s:5:\"Admin\";}'
    'CRAFT_CSRF_TOKEN' => '••••••••••••••••••••••••••••••••••••••••••••••••••••••••••••••••••••••••••••••••••••••••••••••••••••••••••••••••••••••••••••••••••••••••••••••••••••••••••••••••••••••••••••••••••••••••••••••••••••••••••••••••••••••••••••••••••••••••••••••••••••••••••••••••••'
    'CraftSessionId' => 'bc63fcb63f241feee6967f20bf677a3d'
    '6d36deeeac1e09a51631a0533eb7975a_identity' => '0d5f022c56c9826fbf61f98e1b5c69822c723dfb5c6b8323e022ec96d637fbe0a:2:{i:0;s:41:\"6d36deeeac1e09a51631a0533eb7975a_identity\";i:1;s:159:\"[1,\"[\\\"2EO2mONIuYIQ4WSR790B1cpFYvrK04IAHYzTk1_XmvdI3CsB6oDm4pY6piwKnaH0_rKPk1U6Tn5WEnSLBBQIQAvuSDx_HahS0xwA\\\",null,\\\"684fac3d8e595845640e507a9122bd55\\\"]\",3600]\";}'
    '_gid' => 'GA1.2.1105695576.1767886875'
    '_ga' => 'GA1.1.2132040124.1763373465'
    '_ga_CVGB2W62R0' => 'GS2.1.s1767886875$o2$g1$t1767886902$j33$l0$h0'
]

$_SESSION = [
    '64ef28d2f38eee3fca648436bff9332f__flash' => []
    '64ef28d2f38eee3fca648436bff9332f__auth_access' => [
        0 => 'editStructure:3'
        1 => 'previewElement:28'
        2 => 'saveAssets:d5a9c26a-f5fe-469c-af09-21310fa8120e'
        3 => 'previewElement:214'
        4 => 'previewElement:2'
        5 => 'saveAssets:aec444dc-de0b-42fa-a3a2-a8429e2a61b2'
        6 => 'previewElement:62'
        7 => 'previewElement:57'
        8 => 'previewElement:18'
        9 => 'saveAssets:97f1d3a7-ddd4-4455-b3cd-927bbab12ae0'
    ]
    '__duration' => 3600
    '6d36deeeac1e09a51631a0533eb7975a__token' => '••••••••••••••••••••••••••••••••••••••••••••••••••••••••••••••••••••••••••••••••••••••••••••••••••••'
    '6d36deeeac1e09a51631a0533eb7975a__id' => 1
    '__authKey' => '••••••••••••••••••••••••••••••••••••••••••••••••••••••••••••••••••••••••••••••••••••••••••••••••••••••••••••••••••••••••••••••••••••••••••••••••'
    '6d36deeeac1e09a51631a0533eb7975a__expire' => 1767890537
]

$_SERVER = [
    'DEPLOY_NAME' => 'local'
    'DDEV_WEBSERVER_TYPE' => 'nginx-fpm'
    'npm_config_cache' => '/mnt/ddev-global-cache/npm'
    'COREPACK_ENABLE_DOWNLOAD_PROMPT' => '0'
    'DDEV_GOOS' => 'darwin'
    'IS_DDEV_PROJECT' => 'true'
    'PHP_DEFAULT_VERSION' => '8.3'
    'HOSTNAME' => 'Victoria-Fans-web'
    'MAILPIT_SMTP_PORT' => '1025'
    'MH_SMTP_BIND_ADDR' => '127.0.0.1:1025'
    'DDEV_PRIMARY_URL_WITHOUT_PORT' => 'https://victoria-fans.ddev.site'
    'CRAFT_DB_PORT' => '3306'
    'DDEV_GID' => '20'
    'SSH_AUTH_SOCK' => '/home/.ssh-agent/socket'
    'NODE_EXTRA_CA_CERTS' => '/mnt/ddev-global-cache/mkcert/rootCA.pem'
    'DOCKER_IP' => '127.0.0.1'
    'PGPASSWORD' => '••'
    'CRAFT_WEB_ROOT' => '/var/www/html/web'
    'DDEV_DOCROOT' => 'web'
    'PWD' => '•••••••••••••'
    'PLATFORMSH_CLI_UPDATES_CHECK' => '0'
    'DDEV_APPROOT' => '/var/www/html'
    'DDEV_FILES_DIR' => ''
    'START_SCRIPT_TIMEOUT' => '57'
    'APACHE_SITE_TEMPLATE' => '/etc/apache2/apache-site.conf'
    'PHP_INI' => '/etc/php/8.2/fpm/php.ini'
    'DDEV_VERSION' => 'v1.24.10'
    'PRIMARY_SITE_URL' => 'https://victoria-fans.ddev.site'
    'TZ' => 'Europe/London'
    'DDEV_XHPROF_MODE' => 'prepend'
    'HTTPS_EXPOSE' => '443:80,8026:8025'
    'COREPACK_HOME' => '/mnt/ddev-global-cache/corepack'
    'CRAFT_DB_DATABASE' => 'db'
    'DDEV_PRIMARY_URL' => 'https://victoria-fans.ddev.site'
    'LINES' => '22'
    'DDEV_SITENAME' => 'Victoria-Fans'
    'HOME' => '/home/martin'
    'DRUSH_OPTIONS_URI' => 'https://victoria-fans.ddev.site'
    'LANG' => 'C.UTF-8'
    'COLUMNS' => '195'
    'DDEV_MUTAGEN_ENABLED' => 'true'
    'DDEV_USER' => 'martin'
    'PGUSER' => 'db'
    'TERMINUS_CACHE_DIR' => '/mnt/ddev-global-cache/terminus/cache'
    'DDEV_PRIMARY_URL_PORT' => '443'
    'DDEV_ROUTER_HTTP_PORT' => '80'
    'MAILPIT_SMTP_HOSTNAME' => '127.0.0.1'
    'CRAFT_DB_DRIVER' => 'mysql'
    'COMPOSER_PROCESS_TIMEOUT' => '2000'
    'NGINX_SITE_TEMPLATE' => '/etc/nginx/nginx-site.conf'
    'DDEV_FILES_DIRS' => ''
    'CRAFT_DB_SERVER' => 'db'
    'HTTP_EXPOSE' => '80:80,8025:8025'
    'NVM_DIR' => '/home/martin/.nvm'
    'DDEV_PHP_VERSION' => '8.2'
    'DDEV_TLD' => 'ddev.site'
    'DDEV_HOSTNAME' => 'victoria-fans.ddev.site'
    'DDEV_PROJECT' => 'Victoria-Fans'
    'DDEV_GOARCH' => 'amd64'
    'VIRTUAL_HOST' => 'victoria-fans.ddev.site'
    'TERM' => 'xterm'
    'USER' => 'martin'
    'MYSQL_HISTFILE' => '/mnt/ddev-global-cache/mysqlhistory/Victoria-Fans-web/mysql_history'
    'DDEV_WEB_ENTRYPOINT' => '/mnt/ddev_config/web-entrypoint.d'
    'DDEV_UID' => '501'
    'CAROOT' => '/mnt/ddev-global-cache/mkcert'
    'SHLVL' => '1'
    'COMPOSER_ALLOW_SUPERUSER' => '1'
    'BASH_ENV' => '/etc/bash.nointeractive.bashrc'
    'DDEV_DATABASE' => 'mysql:5.7'
    'PGDATABASE' => 'db'
    'CRAFT_DB_USER' => 'db'
    'DDEV_SCHEME' => 'https'
    'XHPROF_OUTPUT_DIR' => '/tmp/xhprof'
    'COMPOSER_CACHE_DIR' => '/mnt/ddev-global-cache/composer'
    'DDEV_XDEBUG_ENABLED' => 'false'
    'DDEV_DATABASE_FAMILY' => 'mysql'
    'PGHOST' => 'db'
    'DDEV_COMPOSER_ROOT' => '/var/www/html'
    'CRAFT_DB_PASSWORD' => '••'
    'DOCROOT' => 'web'
    'TERMINUS_HIDE_UPDATE_MESSAGE' => '1'
    'PATH' => '/home/martin/bin:/var/www/html/vendor/bin:/usr/local/sbin:/usr/local/bin:/usr/sbin:/usr/bin:/sbin:/bin:/var/www/html/bin:/mnt/ddev-global-cache/global-commands/web'
    'HOST_DOCKER_INTERNAL_IP' => ''
    'DDEV_PROJECT_TYPE' => 'craftcms'
    'DEBIAN_FRONTEND' => 'noninteractive'
    'DDEV_ROUTER_HTTPS_PORT' => '443'
    'EXECIGNORE' => '/var/www/html/vendor/bin/composer'
    'SUPERVISOR_ENABLED' => '1'
    'SUPERVISOR_SERVER_URL' => 'unix:///var/run/supervisor.sock'
    'SUPERVISOR_PROCESS_NAME' => 'php-fpm'
    'SUPERVISOR_GROUP_NAME' => 'php-fpm'
    'HTTP_X_REQUESTED_WITH' => 'XMLHttpRequest'
    'HTTP_X_REGISTERED_JS_FILES' => ''
    'HTTP_X_REGISTERED_ASSET_BUNDLES' => '22e517a2,aee7f8dc,e505ffd6,6b4d7555,bb2f10a0,e5e48399,815d39ea,fc0bc163,1ccab40d,1e21896b,54698ee0,b842675b,1c3c9add,4b1fd285,d8d08e47,8f00ce04,8768f48b,cf3018d6'
    'HTTP_X_REAL_IP' => '192.168.97.1'
    'HTTP_X_FORWARDED_SERVER' => 'b7fe7a05e28f'
    'HTTP_X_FORWARDED_PROTO' => 'https'
    'HTTP_X_FORWARDED_PORT' => '443'
    'HTTP_X_FORWARDED_HOST' => 'victoria-fans.ddev.site'
    'HTTP_X_FORWARDED_FOR' => '192.168.97.1'
    'HTTP_X_CSRF_TOKEN' => '••••••••••••••••••••••••••••••••••••••••••••••••••••••••••••••••••••••••••••••••••••••••••••••••••••••••••••••••••••••••••••••••••••••••••••••••••••••••••••••••••••••••••••••••••••••••••••••••••••••••••••••••••••••••••••••••••••••••••••••••••••••••••••••••••••••••••••••••••••••••••••••••••••••••••••••••••••••••••••••••••••••••••••••••••••••••••••••••••••••••••••••••••••••••••••••••••••••••'
    'HTTP_SEC_FETCH_SITE' => 'same-origin'
    'HTTP_SEC_FETCH_MODE' => 'cors'
    'HTTP_SEC_FETCH_DEST' => 'empty'
    'HTTP_SEC_CH_UA_PLATFORM' => '\"macOS\"'
    'HTTP_SEC_CH_UA_MOBILE' => '?0'
    'HTTP_SEC_CH_UA' => '\"Google Chrome\";v=\"143\", \"Chromium\";v=\"143\", \"Not A(Brand\";v=\"24\"'
    'HTTP_REFERER' => 'https://victoria-fans.ddev.site/admin/users/all?source=*'
    'HTTP_PRIORITY' => 'u=1, i'
    'HTTP_ORIGIN' => 'https://victoria-fans.ddev.site'
    'HTTP_COOKIE' => '_ga_6HWZ1LZRXD=GS2.1.s1765728966$o15$g0$t1765728966$j60$l0$h0; _ga_K0KW1BWRG5=GS2.1.s1765728966$o15$g0$t1765728966$j60$l0$h0; _ga_F0QD5V46WT=GS2.1.s1765880621$o4$g1$t1765881927$j60$l0$h0; _ga_NC92H6VZNQ=GS2.1.s1766060755$o28$g1$t1766061157$j44$l0$h0; ffb7d9598ebafef0470704b93df90ee9username=c1ae39c0af8a80c6d3e498cd4e13fbb0f237e659s%3A56%3A%2231a5c2b19a201ea022296b7696060aaa5868cb0aczo1OiJBZG1pbiI7%22%3B; 6d36deeeac1e09a51631a0533eb7975a_username=19e2b3750280233200d0250a5fa7b5334567b7f27f24aee33d5d748439bdf4cda%3A2%3A%7Bi%3A0%3Bs%3A41%3A%226d36deeeac1e09a51631a0533eb7975a_username%22%3Bi%3A1%3Bs%3A5%3A%22Admin%22%3B%7D; CRAFT_CSRF_TOKEN=d7ec6b117e414afe56c964449a0f9eec58d5555ecae0a48f981c8bc05456dd07a%3A2%3A%7Bi%3A0%3Bs%3A16%3A%22CRAFT_CSRF_TOKEN%22%3Bi%3A1%3Bs%3A147%3A%22WCmiijkV_siLmCkAKV3UjUvnerWNeN0UHaWpSodD%7C46920ee98827d01c69347d27295d2a5231e04a45ce2691ee88ec2dc3f374abb8WCmiijkV_siLmCkAKV3UjUvnerWNeN0UHaWpSodD%7C1%22%3B%7D; CraftSessionId=bc63fcb63f241feee6967f20bf677a3d; 6d36deeeac1e09a51631a0533eb7975a_identity=0d5f022c56c9826fbf61f98e1b5c69822c723dfb5c6b8323e022ec96d637fbe0a%3A2%3A%7Bi%3A0%3Bs%3A41%3A%226d36deeeac1e09a51631a0533eb7975a_identity%22%3Bi%3A1%3Bs%3A159%3A%22%5B1%2C%22%5B%5C%222EO2mONIuYIQ4WSR790B1cpFYvrK04IAHYzTk1_XmvdI3CsB6oDm4pY6piwKnaH0_rKPk1U6Tn5WEnSLBBQIQAvuSDx_HahS0xwA%5C%22%2Cnull%2C%5C%22684fac3d8e595845640e507a9122bd55%5C%22%5D%22%2C3600%5D%22%3B%7D; _gid=GA1.2.1105695576.1767886875; _ga=GA1.1.2132040124.1763373465; _ga_CVGB2W62R0=GS2.1.s1767886875$o2$g1$t1767886902$j33$l0$h0'
    'HTTP_ACCEPT_LANGUAGE' => 'en-GB,en-US;q=0.9,en;q=0.8'
    'HTTP_ACCEPT_ENCODING' => 'gzip, deflate, br, zstd'
    'HTTP_ACCEPT' => 'application/json, text/plain, */*'
    'HTTP_CONTENT_LENGTH' => '0'
    'HTTP_USER_AGENT' => 'Mozilla/5.0 (Macintosh; Intel Mac OS X 10_15_7) AppleWebKit/537.36 (KHTML, like Gecko) Chrome/143.0.0.0 Safari/537.36'
    'HTTP_HOST' => 'victoria-fans.ddev.site'
    'HTTPS' => 'on'
    'REDIRECT_STATUS' => '200'
    'SERVER_NAME' => 'victoria-fans.ddev.site'
    'SERVER_PORT' => '80'
    'SERVER_ADDR' => '192.168.97.3'
    'REMOTE_PORT' => '60462'
    'REMOTE_ADDR' => '192.168.97.5'
    'SERVER_SOFTWARE' => 'nginx/1.28.0'
    'GATEWAY_INTERFACE' => 'CGI/1.1'
    'REQUEST_SCHEME' => 'http'
    'SERVER_PROTOCOL' => 'HTTP/1.1'
    'DOCUMENT_ROOT' => '/var/www/html/web'
    'DOCUMENT_URI' => '/index.php'
    'REQUEST_URI' => '/index.php?p=admin%2Factions%2Fqueue%2Frun&v=1767886937519'
    'CONTENT_LENGTH' => '0'
    'CONTENT_TYPE' => ''
    'REQUEST_METHOD' => 'POST'
    'QUERY_STRING' => 'p=admin%2Factions%2Fqueue%2Frun&v=1767886937519'
    'SCRIPT_NAME' => '/index.php'
    'SCRIPT_FILENAME' => '/var/www/html/web/index.php'
    'FCGI_ROLE' => 'RESPONDER'
    'PHP_SELF' => '/index.php'
    'REQUEST_TIME_FLOAT' => 1767886937.5536
    'REQUEST_TIME' => 1767886937
    'ENVIRONMENT' => 'dev'
    'APP_ID' => 'CraftCMS--victoria-fans'
    'SECURITY_KEY' => '••••••••••••••••••••••••••••••••'
    'DB_DRIVER' => 'mysql'
    'DB_SERVER' => 'db'
    'DB_PORT' => '3306'
    'DB_DATABASE' => 'db'
    'DB_USER' => 'db'
    'DB_PASSWORD' => '••'
    'DB_SCHEMA' => 'public'
    'DB_TABLE_PREFIX' => 'craft_'
    'CP_TRIGGER' => 'admin'
    'DEV_MODE' => 'true'
    'ALLOW_ADMIN_CHANGES' => 'true'
    'DISALLOW_ROBOTS' => 'true'
] {"environment":"dev","userId":1} 
2026-01-08 15:48:24 [queue.INFO] [yii\db\Connection::open] Opening DB connection: mysql:host=db;dbname=db;port=3306 {"memory":810808} 
2026-01-08 15:48:24 [queue.INFO] [yii\web\Session::open] Session started {"memory":1295344} 
2026-01-08 15:48:24 [queue.INFO] [nystudio107\codeeditor\CodeEditor::bootstrap] CodeEditor module bootstrapped {"memory":1327512} 
2026-01-08 15:48:24 [queue.INFO] [yii\db\Connection::open] Opening DB connection: mysql:host=db;dbname=db;port=3306 {"memory":1890736} 
2026-01-08 15:48:24 [queue.INFO] [craft\queue\QueueLogBehavior::beforeExec]  [25] t9n:["app","Pruning extra revisions"] (attempt: 1, pid: 54104) - Started {"memory":1950768} 
2026-01-08 15:48:24 [queue.INFO] [craft\queue\QueueLogBehavior::afterExec]  [25] t9n:["app","Pruning extra revisions"] (attempt: 1, pid: 54104) - Done (time: 0.007s) {"memory":2066680} 
2026-01-08 15:48:24 [queue.INFO] [craft\queue\QueueLogBehavior::beforeExec]  [26] t9n:["app","Pruning extra revisions"] (attempt: 1, pid: 54104) - Started {"memory":2074040} 
2026-01-08 15:48:24 [queue.INFO] [craft\queue\QueueLogBehavior::afterExec]  [26] t9n:["app","Pruning extra revisions"] (attempt: 1, pid: 54104) - Done (time: 0.003s) {"memory":2103600} 
2026-01-08 15:48:24 [queue.INFO] [craft\queue\QueueLogBehavior::beforeExec]  [27] t9n:["app","Pruning extra revisions"] (attempt: 1, pid: 54104) - Started {"memory":2116592} 
2026-01-08 15:48:24 [queue.INFO] [craft\queue\QueueLogBehavior::afterExec]  [27] t9n:["app","Pruning extra revisions"] (attempt: 1, pid: 54104) - Done (time: 0.003s) {"memory":2146152} 
2026-01-08 15:48:24 [queue.INFO] [craft\queue\QueueLogBehavior::beforeExec]  [28] t9n:["app","Pruning extra revisions"] (attempt: 1, pid: 54104) - Started {"memory":2153512} 
2026-01-08 15:48:24 [queue.INFO] [craft\queue\QueueLogBehavior::afterExec]  [28] t9n:["app","Pruning extra revisions"] (attempt: 1, pid: 54104) - Done (time: 0.002s) {"memory":2183072} 
2026-01-08 15:48:24 [queue.INFO] [craft\queue\QueueLogBehavior::beforeExec]  [29] t9n:["app","Pruning extra revisions"] (attempt: 1, pid: 54104) - Started {"memory":2190752} 
2026-01-08 15:48:24 [queue.INFO] [craft\queue\QueueLogBehavior::afterExec]  [29] t9n:["app","Pruning extra revisions"] (attempt: 1, pid: 54104) - Done (time: 0.002s) {"memory":2220312} 
2026-01-08 15:48:24 [queue.INFO] [craft\queue\QueueLogBehavior::beforeExec]  [30] t9n:["app","Pruning extra revisions"] (attempt: 1, pid: 54104) - Started {"memory":2227672} 
2026-01-08 15:48:24 [queue.INFO] [craft\queue\QueueLogBehavior::afterExec]  [30] t9n:["app","Pruning extra revisions"] (attempt: 1, pid: 54104) - Done (time: 0.002s) {"memory":2257232} 
2026-01-08 15:48:24 [queue.INFO] [craft\queue\QueueLogBehavior::beforeExec]  [31] t9n:["app","Pruning extra revisions"] (attempt: 1, pid: 54104) - Started {"memory":2264592} 
2026-01-08 15:48:24 [queue.INFO] [craft\queue\QueueLogBehavior::afterExec]  [31] t9n:["app","Pruning extra revisions"] (attempt: 1, pid: 54104) - Done (time: 0.002s) {"memory":2294152} 
2026-01-08 15:48:24 [queue.INFO] [craft\queue\QueueLogBehavior::beforeExec]  [32] t9n:["app","Pruning extra revisions"] (attempt: 1, pid: 54104) - Started {"memory":2305608} 
2026-01-08 15:48:24 [queue.INFO] [craft\queue\QueueLogBehavior::afterExec]  [32] t9n:["app","Pruning extra revisions"] (attempt: 1, pid: 54104) - Done (time: 0.003s) {"memory":2335168} 
2026-01-08 15:48:24 [queue.INFO] [craft\queue\QueueLogBehavior::beforeExec]  [33] t9n:["app","Pruning extra revisions"] (attempt: 1, pid: 54104) - Started {"memory":2342528} 
2026-01-08 15:48:24 [queue.INFO] [craft\queue\QueueLogBehavior::afterExec]  [33] t9n:["app","Pruning extra revisions"] (attempt: 1, pid: 54104) - Done (time: 0.011s) {"memory":2372088} 
2026-01-08 15:48:24 [queue.INFO] [application] Request context:
$_GET = [
    'p' => 'admin/actions/queue/run'
    'v' => '1767887303712'
]

$_POST = []

$_FILES = []

$_COOKIE = [
    '_ga_6HWZ1LZRXD' => 'GS2.1.s1765728966$o15$g0$t1765728966$j60$l0$h0'
    '_ga_K0KW1BWRG5' => 'GS2.1.s1765728966$o15$g0$t1765728966$j60$l0$h0'
    '_ga_F0QD5V46WT' => 'GS2.1.s1765880621$o4$g1$t1765881927$j60$l0$h0'
    '_ga_NC92H6VZNQ' => 'GS2.1.s1766060755$o28$g1$t1766061157$j44$l0$h0'
    'ffb7d9598ebafef0470704b93df90ee9username' => 'c1ae39c0af8a80c6d3e498cd4e13fbb0f237e659s:56:\"31a5c2b19a201ea022296b7696060aaa5868cb0aczo1OiJBZG1pbiI7\";'
    '6d36deeeac1e09a51631a0533eb7975a_username' => '19e2b3750280233200d0250a5fa7b5334567b7f27f24aee33d5d748439bdf4cda:2:{i:0;s:41:\"6d36deeeac1e09a51631a0533eb7975a_username\";i:1;s:5:\"Admin\";}'
    'CRAFT_CSRF_TOKEN' => '••••••••••••••••••••••••••••••••••••••••••••••••••••••••••••••••••••••••••••••••••••••••••••••••••••••••••••••••••••••••••••••••••••••••••••••••••••••••••••••••••••••••••••••••••••••••••••••••••••••••••••••••••••••••••••••••••••••••••••••••••••••••••••••••••'
    'CraftSessionId' => 'bc63fcb63f241feee6967f20bf677a3d'
    '6d36deeeac1e09a51631a0533eb7975a_identity' => '0d5f022c56c9826fbf61f98e1b5c69822c723dfb5c6b8323e022ec96d637fbe0a:2:{i:0;s:41:\"6d36deeeac1e09a51631a0533eb7975a_identity\";i:1;s:159:\"[1,\"[\\\"2EO2mONIuYIQ4WSR790B1cpFYvrK04IAHYzTk1_XmvdI3CsB6oDm4pY6piwKnaH0_rKPk1U6Tn5WEnSLBBQIQAvuSDx_HahS0xwA\\\",null,\\\"684fac3d8e595845640e507a9122bd55\\\"]\",3600]\";}'
    '_gid' => 'GA1.2.1105695576.1767886875'
    '_ga' => 'GA1.1.2132040124.1763373465'
    '_ga_CVGB2W62R0' => 'GS2.1.s1767886875$o2$g1$t1767886902$j33$l0$h0'
]

$_SESSION = [
    '64ef28d2f38eee3fca648436bff9332f__flash' => []
    '64ef28d2f38eee3fca648436bff9332f__auth_access' => [
        0 => 'editStructure:3'
        1 => 'previewElement:28'
        2 => 'saveAssets:d5a9c26a-f5fe-469c-af09-21310fa8120e'
        3 => 'previewElement:214'
        4 => 'previewElement:2'
        5 => 'saveAssets:aec444dc-de0b-42fa-a3a2-a8429e2a61b2'
        6 => 'previewElement:62'
        7 => 'previewElement:57'
        8 => 'previewElement:18'
        9 => 'saveAssets:97f1d3a7-ddd4-4455-b3cd-927bbab12ae0'
    ]
    '__duration' => 3600
    '6d36deeeac1e09a51631a0533eb7975a__token' => '••••••••••••••••••••••••••••••••••••••••••••••••••••••••••••••••••••••••••••••••••••••••••••••••••••'
    '6d36deeeac1e09a51631a0533eb7975a__id' => 1
    '__authKey' => '••••••••••••••••••••••••••••••••••••••••••••••••••••••••••••••••••••••••••••••••••••••••••••••••••••••••••••••••••••••••••••••••••••••••••••••••'
    '6d36deeeac1e09a51631a0533eb7975a__expire' => 1767890903
]

$_SERVER = [
    'DEPLOY_NAME' => 'local'
    'DDEV_WEBSERVER_TYPE' => 'nginx-fpm'
    'npm_config_cache' => '/mnt/ddev-global-cache/npm'
    'COREPACK_ENABLE_DOWNLOAD_PROMPT' => '0'
    'DDEV_GOOS' => 'darwin'
    'IS_DDEV_PROJECT' => 'true'
    'PHP_DEFAULT_VERSION' => '8.3'
    'HOSTNAME' => 'Victoria-Fans-web'
    'MAILPIT_SMTP_PORT' => '1025'
    'MH_SMTP_BIND_ADDR' => '127.0.0.1:1025'
    'DDEV_PRIMARY_URL_WITHOUT_PORT' => 'https://victoria-fans.ddev.site'
    'CRAFT_DB_PORT' => '3306'
    'DDEV_GID' => '20'
    'SSH_AUTH_SOCK' => '/home/.ssh-agent/socket'
    'NODE_EXTRA_CA_CERTS' => '/mnt/ddev-global-cache/mkcert/rootCA.pem'
    'DOCKER_IP' => '127.0.0.1'
    'PGPASSWORD' => '••'
    'CRAFT_WEB_ROOT' => '/var/www/html/web'
    'DDEV_DOCROOT' => 'web'
    'PWD' => '•••••••••••••'
    'PLATFORMSH_CLI_UPDATES_CHECK' => '0'
    'DDEV_APPROOT' => '/var/www/html'
    'DDEV_FILES_DIR' => ''
    'START_SCRIPT_TIMEOUT' => '57'
    'APACHE_SITE_TEMPLATE' => '/etc/apache2/apache-site.conf'
    'PHP_INI' => '/etc/php/8.2/fpm/php.ini'
    'DDEV_VERSION' => 'v1.24.10'
    'PRIMARY_SITE_URL' => 'https://victoria-fans.ddev.site'
    'TZ' => 'Europe/London'
    'DDEV_XHPROF_MODE' => 'prepend'
    'HTTPS_EXPOSE' => '443:80,8026:8025'
    'COREPACK_HOME' => '/mnt/ddev-global-cache/corepack'
    'CRAFT_DB_DATABASE' => 'db'
    'DDEV_PRIMARY_URL' => 'https://victoria-fans.ddev.site'
    'LINES' => '22'
    'DDEV_SITENAME' => 'Victoria-Fans'
    'HOME' => '/home/martin'
    'DRUSH_OPTIONS_URI' => 'https://victoria-fans.ddev.site'
    'LANG' => 'C.UTF-8'
    'COLUMNS' => '195'
    'DDEV_MUTAGEN_ENABLED' => 'true'
    'DDEV_USER' => 'martin'
    'PGUSER' => 'db'
    'TERMINUS_CACHE_DIR' => '/mnt/ddev-global-cache/terminus/cache'
    'DDEV_PRIMARY_URL_PORT' => '443'
    'DDEV_ROUTER_HTTP_PORT' => '80'
    'MAILPIT_SMTP_HOSTNAME' => '127.0.0.1'
    'CRAFT_DB_DRIVER' => 'mysql'
    'COMPOSER_PROCESS_TIMEOUT' => '2000'
    'NGINX_SITE_TEMPLATE' => '/etc/nginx/nginx-site.conf'
    'DDEV_FILES_DIRS' => ''
    'CRAFT_DB_SERVER' => 'db'
    'HTTP_EXPOSE' => '80:80,8025:8025'
    'NVM_DIR' => '/home/martin/.nvm'
    'DDEV_PHP_VERSION' => '8.2'
    'DDEV_TLD' => 'ddev.site'
    'DDEV_HOSTNAME' => 'victoria-fans.ddev.site'
    'DDEV_PROJECT' => 'Victoria-Fans'
    'DDEV_GOARCH' => 'amd64'
    'VIRTUAL_HOST' => 'victoria-fans.ddev.site'
    'TERM' => 'xterm'
    'USER' => 'martin'
    'MYSQL_HISTFILE' => '/mnt/ddev-global-cache/mysqlhistory/Victoria-Fans-web/mysql_history'
    'DDEV_WEB_ENTRYPOINT' => '/mnt/ddev_config/web-entrypoint.d'
    'DDEV_UID' => '501'
    'CAROOT' => '/mnt/ddev-global-cache/mkcert'
    'SHLVL' => '1'
    'COMPOSER_ALLOW_SUPERUSER' => '1'
    'BASH_ENV' => '/etc/bash.nointeractive.bashrc'
    'DDEV_DATABASE' => 'mysql:5.7'
    'PGDATABASE' => 'db'
    'CRAFT_DB_USER' => 'db'
    'DDEV_SCHEME' => 'https'
    'XHPROF_OUTPUT_DIR' => '/tmp/xhprof'
    'COMPOSER_CACHE_DIR' => '/mnt/ddev-global-cache/composer'
    'DDEV_XDEBUG_ENABLED' => 'false'
    'DDEV_DATABASE_FAMILY' => 'mysql'
    'PGHOST' => 'db'
    'DDEV_COMPOSER_ROOT' => '/var/www/html'
    'CRAFT_DB_PASSWORD' => '••'
    'DOCROOT' => 'web'
    'TERMINUS_HIDE_UPDATE_MESSAGE' => '1'
    'PATH' => '/home/martin/bin:/var/www/html/vendor/bin:/usr/local/sbin:/usr/local/bin:/usr/sbin:/usr/bin:/sbin:/bin:/var/www/html/bin:/mnt/ddev-global-cache/global-commands/web'
    'HOST_DOCKER_INTERNAL_IP' => ''
    'DDEV_PROJECT_TYPE' => 'craftcms'
    'DEBIAN_FRONTEND' => 'noninteractive'
    'DDEV_ROUTER_HTTPS_PORT' => '443'
    'EXECIGNORE' => '/var/www/html/vendor/bin/composer'
    'SUPERVISOR_ENABLED' => '1'
    'SUPERVISOR_SERVER_URL' => 'unix:///var/run/supervisor.sock'
    'SUPERVISOR_PROCESS_NAME' => 'php-fpm'
    'SUPERVISOR_GROUP_NAME' => 'php-fpm'
    'HTTP_X_REQUESTED_WITH' => 'XMLHttpRequest'
    'HTTP_X_REGISTERED_JS_FILES' => ''
    'HTTP_X_REGISTERED_ASSET_BUNDLES' => '7b7669ac,22e517a2,aee7f8dc,e505ffd6,6b4d7555,bb2f10a0,e5e48399,815d39ea,fc0bc163,1ccab40d,1e21896b,54698ee0,b842675b,1c3c9add,4b1fd285,d8d08e47,8f00ce04,8768f48b,cf3018d6,e7c1329,76719e06,7ca18ed1,cc36f52d,6cf0758a,15a36a51'
    'HTTP_X_REAL_IP' => '192.168.97.1'
    'HTTP_X_FORWARDED_SERVER' => 'b7fe7a05e28f'
    'HTTP_X_FORWARDED_PROTO' => 'https'
    'HTTP_X_FORWARDED_PORT' => '443'
    'HTTP_X_FORWARDED_HOST' => 'victoria-fans.ddev.site'
    'HTTP_X_FORWARDED_FOR' => '192.168.97.1'
    'HTTP_X_CSRF_TOKEN' => '••••••••••••••••••••••••••••••••••••••••••••••••••••••••••••••••••••••••••••••••••••••••••••••••••••••••••••••••••••••••••••••••••••••••••••••••••••••••••••••••••••••••••••••••••••••••••••••••••••••••••••••••••••••••••••••••••••••••••••••••••••••••••••••••••••••••••••••••••••••••••••••••••••••••••••••••••••••••••••••••••••••••••••••••••••••••••••••••••••••••••••••••••••••••••••••••••••••••'
    'HTTP_SEC_FETCH_SITE' => 'same-origin'
    'HTTP_SEC_FETCH_MODE' => 'cors'
    'HTTP_SEC_FETCH_DEST' => 'empty'
    'HTTP_SEC_CH_UA_PLATFORM' => '\"macOS\"'
    'HTTP_SEC_CH_UA_MOBILE' => '?0'
    'HTTP_SEC_CH_UA' => '\"Google Chrome\";v=\"143\", \"Chromium\";v=\"143\", \"Not A(Brand\";v=\"24\"'
    'HTTP_REFERER' => 'https://victoria-fans.ddev.site/admin/entries/productSpecifications/18-plate-mounted-axial-flow-fan'
    'HTTP_PRIORITY' => 'u=1, i'
    'HTTP_ORIGIN' => 'https://victoria-fans.ddev.site'
    'HTTP_COOKIE' => '_ga_6HWZ1LZRXD=GS2.1.s1765728966$o15$g0$t1765728966$j60$l0$h0; _ga_K0KW1BWRG5=GS2.1.s1765728966$o15$g0$t1765728966$j60$l0$h0; _ga_F0QD5V46WT=GS2.1.s1765880621$o4$g1$t1765881927$j60$l0$h0; _ga_NC92H6VZNQ=GS2.1.s1766060755$o28$g1$t1766061157$j44$l0$h0; ffb7d9598ebafef0470704b93df90ee9username=c1ae39c0af8a80c6d3e498cd4e13fbb0f237e659s%3A56%3A%2231a5c2b19a201ea022296b7696060aaa5868cb0aczo1OiJBZG1pbiI7%22%3B; 6d36deeeac1e09a51631a0533eb7975a_username=19e2b3750280233200d0250a5fa7b5334567b7f27f24aee33d5d748439bdf4cda%3A2%3A%7Bi%3A0%3Bs%3A41%3A%226d36deeeac1e09a51631a0533eb7975a_username%22%3Bi%3A1%3Bs%3A5%3A%22Admin%22%3B%7D; CRAFT_CSRF_TOKEN=d7ec6b117e414afe56c964449a0f9eec58d5555ecae0a48f981c8bc05456dd07a%3A2%3A%7Bi%3A0%3Bs%3A16%3A%22CRAFT_CSRF_TOKEN%22%3Bi%3A1%3Bs%3A147%3A%22WCmiijkV_siLmCkAKV3UjUvnerWNeN0UHaWpSodD%7C46920ee98827d01c69347d27295d2a5231e04a45ce2691ee88ec2dc3f374abb8WCmiijkV_siLmCkAKV3UjUvnerWNeN0UHaWpSodD%7C1%22%3B%7D; CraftSessionId=bc63fcb63f241feee6967f20bf677a3d; 6d36deeeac1e09a51631a0533eb7975a_identity=0d5f022c56c9826fbf61f98e1b5c69822c723dfb5c6b8323e022ec96d637fbe0a%3A2%3A%7Bi%3A0%3Bs%3A41%3A%226d36deeeac1e09a51631a0533eb7975a_identity%22%3Bi%3A1%3Bs%3A159%3A%22%5B1%2C%22%5B%5C%222EO2mONIuYIQ4WSR790B1cpFYvrK04IAHYzTk1_XmvdI3CsB6oDm4pY6piwKnaH0_rKPk1U6Tn5WEnSLBBQIQAvuSDx_HahS0xwA%5C%22%2Cnull%2C%5C%22684fac3d8e595845640e507a9122bd55%5C%22%5D%22%2C3600%5D%22%3B%7D; _gid=GA1.2.1105695576.1767886875; _ga=GA1.1.2132040124.1763373465; _ga_CVGB2W62R0=GS2.1.s1767886875$o2$g1$t1767886902$j33$l0$h0'
    'HTTP_ACCEPT_LANGUAGE' => 'en-GB,en-US;q=0.9,en;q=0.8'
    'HTTP_ACCEPT_ENCODING' => 'gzip, deflate, br, zstd'
    'HTTP_ACCEPT' => 'application/json, text/plain, */*'
    'HTTP_CONTENT_LENGTH' => '0'
    'HTTP_USER_AGENT' => 'Mozilla/5.0 (Macintosh; Intel Mac OS X 10_15_7) AppleWebKit/537.36 (KHTML, like Gecko) Chrome/143.0.0.0 Safari/537.36'
    'HTTP_HOST' => 'victoria-fans.ddev.site'
    'HTTPS' => 'on'
    'REDIRECT_STATUS' => '200'
    'SERVER_NAME' => 'victoria-fans.ddev.site'
    'SERVER_PORT' => '80'
    'SERVER_ADDR' => '192.168.97.3'
    'REMOTE_PORT' => '48800'
    'REMOTE_ADDR' => '192.168.97.5'
    'SERVER_SOFTWARE' => 'nginx/1.28.0'
    'GATEWAY_INTERFACE' => 'CGI/1.1'
    'REQUEST_SCHEME' => 'http'
    'SERVER_PROTOCOL' => 'HTTP/1.1'
    'DOCUMENT_ROOT' => '/var/www/html/web'
    'DOCUMENT_URI' => '/index.php'
    'REQUEST_URI' => '/index.php?p=admin%2Factions%2Fqueue%2Frun&v=1767887303712'
    'CONTENT_LENGTH' => '0'
    'CONTENT_TYPE' => ''
    'REQUEST_METHOD' => 'POST'
    'QUERY_STRING' => 'p=admin%2Factions%2Fqueue%2Frun&v=1767887303712'
    'SCRIPT_NAME' => '/index.php'
    'SCRIPT_FILENAME' => '/var/www/html/web/index.php'
    'FCGI_ROLE' => 'RESPONDER'
    'PHP_SELF' => '/index.php'
    'REQUEST_TIME_FLOAT' => 1767887303.7276
    'REQUEST_TIME' => 1767887303
    'ENVIRONMENT' => 'dev'
    'APP_ID' => 'CraftCMS--victoria-fans'
    'SECURITY_KEY' => '••••••••••••••••••••••••••••••••'
    'DB_DRIVER' => 'mysql'
    'DB_SERVER' => 'db'
    'DB_PORT' => '3306'
    'DB_DATABASE' => 'db'
    'DB_USER' => 'db'
    'DB_PASSWORD' => '••'
    'DB_SCHEMA' => 'public'
    'DB_TABLE_PREFIX' => 'craft_'
    'CP_TRIGGER' => 'admin'
    'DEV_MODE' => 'true'
    'ALLOW_ADMIN_CHANGES' => 'true'
    'DISALLOW_ROBOTS' => 'true'
] {"environment":"dev","userId":1} 
