2026-01-06 10:52:00 [-][-][781ecba242ff65694c7564967572785c][info][yii\db\Connection::open] Opening DB connection: mysql:host=db;dbname=db;port=3306
2026-01-06 10:52:00 [-][-][781ecba242ff65694c7564967572785c][profile begin][yii\db\Connection::open] Opening DB connection: mysql:host=db;dbname=db;port=3306
2026-01-06 10:52:00 [-][-][781ecba242ff65694c7564967572785c][profile end][yii\db\Connection::open] Opening DB connection: mysql:host=db;dbname=db;port=3306
2026-01-06 10:52:00 [-][-][781ecba242ff65694c7564967572785c][info][yii\db\Command::query] SELECT *
FROM `craft_info`
WHERE `id`=1
LIMIT 1
2026-01-06 10:52:00 [-][-][781ecba242ff65694c7564967572785c][profile begin][yii\db\Command::query] SELECT *
FROM `craft_info`
WHERE `id`=1
LIMIT 1
2026-01-06 10:52:00 [-][-][781ecba242ff65694c7564967572785c][profile end][yii\db\Command::query] SELECT *
FROM `craft_info`
WHERE `id`=1
LIMIT 1
2026-01-06 10:52:00 [-][-][781ecba242ff65694c7564967572785c][info][yii\db\Command::query] SELECT `s`.`id`, `s`.`name`, `s`.`handle`, `s`.`language`, `s`.`primary`, `s`.`hasUrls`, `s`.`baseUrl`, `s`.`sortOrder`, `s`.`uid`, `s`.`dateCreated`, `s`.`dateUpdated`
FROM `craft_sites` `s`
ORDER BY `s`.`name`
2026-01-06 10:52:00 [-][-][781ecba242ff65694c7564967572785c][profile begin][yii\db\Command::query] SELECT `s`.`id`, `s`.`name`, `s`.`handle`, `s`.`language`, `s`.`primary`, `s`.`hasUrls`, `s`.`baseUrl`, `s`.`sortOrder`, `s`.`uid`, `s`.`dateCreated`, `s`.`dateUpdated`
FROM `craft_sites` `s`
ORDER BY `s`.`name`
2026-01-06 10:52:00 [-][-][781ecba242ff65694c7564967572785c][profile end][yii\db\Command::query] SELECT `s`.`id`, `s`.`name`, `s`.`handle`, `s`.`language`, `s`.`primary`, `s`.`hasUrls`, `s`.`baseUrl`, `s`.`sortOrder`, `s`.`uid`, `s`.`dateCreated`, `s`.`dateUpdated`
FROM `craft_sites` `s`
ORDER BY `s`.`name`
2026-01-06 10:52:00 [-][-][781ecba242ff65694c7564967572785c][info][yii\db\Command::query] SELECT `id`, `handle`, `version`, `schemaVersion`, `installDate`
FROM `craft_plugins`
ORDER BY `handle`
2026-01-06 10:52:00 [-][-][781ecba242ff65694c7564967572785c][profile begin][yii\db\Command::query] SELECT `id`, `handle`, `version`, `schemaVersion`, `installDate`
FROM `craft_plugins`
ORDER BY `handle`
2026-01-06 10:52:00 [-][-][781ecba242ff65694c7564967572785c][profile end][yii\db\Command::query] SELECT `id`, `handle`, `version`, `schemaVersion`, `installDate`
FROM `craft_plugins`
ORDER BY `handle`
2026-01-06 10:52:00 [-][-][781ecba242ff65694c7564967572785c][info][yii\web\Session::open] Session started
2026-01-06 10:52:00 [-][-][781ecba242ff65694c7564967572785c][error][yii\web\HttpException:503] craft\web\ServiceUnavailableHttpException in /var/www/html/vendor/craftcms/cms/src/web/Application.php:702
Stack trace:
#0 /var/www/html/vendor/craftcms/cms/src/web/Application.php(232): craft\web\Application->_processUpdateLogic(Object(craft\web\Request))
#1 /var/www/html/vendor/yiisoft/yii2/base/Application.php(384): craft\web\Application->handleRequest(Object(craft\web\Request))
#2 /var/www/html/web/index.php(12): yii\base\Application->run()
#3 {main}
2026-01-06 10:52:00 [-][-][781ecba242ff65694c7564967572785c][trace][yii\base\View::renderFile] Rendering view file: /var/www/html/vendor/yiisoft/yii2/views/errorHandler/exception.php
2026-01-06 10:52:00 [-][-][781ecba242ff65694c7564967572785c][trace][yii\base\View::renderFile] Rendering view file: /var/www/html/vendor/yiisoft/yii2/views/errorHandler/callStackItem.php
2026-01-06 10:52:00 [-][-][781ecba242ff65694c7564967572785c][trace][yii\base\View::renderFile] Rendering view file: /var/www/html/vendor/yiisoft/yii2/views/errorHandler/callStackItem.php
2026-01-06 10:52:00 [-][-][781ecba242ff65694c7564967572785c][trace][yii\base\View::renderFile] Rendering view file: /var/www/html/vendor/yiisoft/yii2/views/errorHandler/callStackItem.php
2026-01-06 10:52:00 [-][-][781ecba242ff65694c7564967572785c][trace][yii\base\View::renderFile] Rendering view file: /var/www/html/vendor/yiisoft/yii2/views/errorHandler/callStackItem.php
2026-01-06 10:52:00 [-][-][781ecba242ff65694c7564967572785c][info][application] $_GET = []

$_POST = []

$_FILES = []

$_COOKIE = [
    '_ga_6HWZ1LZRXD' => 'GS2.1.s1765728966$o15$g0$t1765728966$j60$l0$h0'
    '_ga_K0KW1BWRG5' => 'GS2.1.s1765728966$o15$g0$t1765728966$j60$l0$h0'
    '_ga_F0QD5V46WT' => 'GS2.1.s1765880621$o4$g1$t1765881927$j60$l0$h0'
    '_ga_NC92H6VZNQ' => 'GS2.1.s1766060755$o28$g1$t1766061157$j44$l0$h0'
    '_gid' => 'GA1.2.349740502.1767694145'
    'ffb7d9598ebafef0470704b93df90ee9username' => 'c1ae39c0af8a80c6d3e498cd4e13fbb0f237e659s:56:\"31a5c2b19a201ea022296b7696060aaa5868cb0aczo1OiJBZG1pbiI7\";'
    'CraftSessionId' => '781ecba242ff65694c7564967572785c'
    'CRAFT_CSRF_TOKEN' => '••••••••••••••••••••••••••••••••••••••••••••••••••••••••••••••••••••••••••••••••••••••••'
    '_ga_CVGB2W62R0' => 'GS2.1.s1767694144$o1$g1$t1767695650$j59$l0$h0'
    '_ga' => 'GA1.1.2132040124.1763373465'
]

$_SESSION = [
    'bd62416aa8538ede709019a5e113eea5__flash' => []
]

$_SERVER = [
    'DEPLOY_NAME' => 'local'
    'DDEV_WEBSERVER_TYPE' => 'nginx-fpm'
    'npm_config_cache' => '/mnt/ddev-global-cache/npm'
    'COREPACK_ENABLE_DOWNLOAD_PROMPT' => '0'
    'DDEV_GOOS' => 'darwin'
    'IS_DDEV_PROJECT' => 'true'
    'PHP_DEFAULT_VERSION' => '8.3'
    'HOSTNAME' => 'Victoria-Fans-web'
    'MAILPIT_SMTP_PORT' => '1025'
    'MH_SMTP_BIND_ADDR' => '127.0.0.1:1025'
    'DDEV_PRIMARY_URL_WITHOUT_PORT' => 'https://victoria-fans.ddev.site'
    'CRAFT_DB_PORT' => '3306'
    'SSH_AUTH_SOCK' => '/home/.ssh-agent/socket'
    'DDEV_GID' => '20'
    'NODE_EXTRA_CA_CERTS' => '/mnt/ddev-global-cache/mkcert/rootCA.pem'
    'DOCKER_IP' => '127.0.0.1'
    'PGPASSWORD' => '••'
    'CRAFT_WEB_ROOT' => '/var/www/html/web'
    'DDEV_DOCROOT' => 'web'
    'PWD' => '•••••••••••••'
    'PLATFORMSH_CLI_UPDATES_CHECK' => '0'
    'DDEV_APPROOT' => '/var/www/html'
    'DDEV_FILES_DIR' => ''
    'START_SCRIPT_TIMEOUT' => '57'
    'APACHE_SITE_TEMPLATE' => '/etc/apache2/apache-site.conf'
    'PHP_INI' => '/etc/php/7.4/fpm/php.ini'
    'DDEV_VERSION' => 'v1.24.10'
    'PRIMARY_SITE_URL' => 'https://victoria-fans.ddev.site'
    'TZ' => 'Europe/London'
    'DDEV_XHPROF_MODE' => 'prepend'
    'HTTPS_EXPOSE' => '443:80,8026:8025'
    'COREPACK_HOME' => '/mnt/ddev-global-cache/corepack'
    'CRAFT_DB_DATABASE' => 'db'
    'DDEV_PRIMARY_URL' => 'https://victoria-fans.ddev.site'
    'LINES' => '22'
    'DDEV_SITENAME' => 'Victoria-Fans'
    'HOME' => '/home/martin'
    'DRUSH_OPTIONS_URI' => 'https://victoria-fans.ddev.site'
    'LANG' => 'C.UTF-8'
    'COLUMNS' => '195'
    'DDEV_MUTAGEN_ENABLED' => 'true'
    'DDEV_USER' => 'martin'
    'PGUSER' => 'db'
    'TERMINUS_CACHE_DIR' => '/mnt/ddev-global-cache/terminus/cache'
    'DDEV_PRIMARY_URL_PORT' => '443'
    'DDEV_ROUTER_HTTP_PORT' => '80'
    'MAILPIT_SMTP_HOSTNAME' => '127.0.0.1'
    'CRAFT_DB_DRIVER' => 'mysql'
    'COMPOSER_PROCESS_TIMEOUT' => '2000'
    'NGINX_SITE_TEMPLATE' => '/etc/nginx/nginx-site.conf'
    'DDEV_FILES_DIRS' => ''
    'CRAFT_DB_SERVER' => 'db'
    'HTTP_EXPOSE' => '80:80,8025:8025'
    'NVM_DIR' => '/home/martin/.nvm'
    'DDEV_PHP_VERSION' => '7.4'
    'DDEV_TLD' => 'ddev.site'
    'DDEV_HOSTNAME' => 'victoria-fans.ddev.site'
    'DDEV_PROJECT' => 'Victoria-Fans'
    'DDEV_GOARCH' => 'amd64'
    'VIRTUAL_HOST' => 'victoria-fans.ddev.site'
    'TERM' => 'xterm'
    'USER' => 'martin'
    'MYSQL_HISTFILE' => '/mnt/ddev-global-cache/mysqlhistory/Victoria-Fans-web/mysql_history'
    'DDEV_WEB_ENTRYPOINT' => '/mnt/ddev_config/web-entrypoint.d'
    'DDEV_UID' => '501'
    'CAROOT' => '/mnt/ddev-global-cache/mkcert'
    'SHLVL' => '1'
    'COMPOSER_ALLOW_SUPERUSER' => '1'
    'BASH_ENV' => '/etc/bash.nointeractive.bashrc'
    'DDEV_DATABASE' => 'mysql:5.7'
    'PGDATABASE' => 'db'
    'CRAFT_DB_USER' => 'db'
    'DDEV_SCHEME' => 'https'
    'XHPROF_OUTPUT_DIR' => '/tmp/xhprof'
    'COMPOSER_CACHE_DIR' => '/mnt/ddev-global-cache/composer'
    'DDEV_XDEBUG_ENABLED' => 'false'
    'DDEV_DATABASE_FAMILY' => 'mysql'
    'PGHOST' => 'db'
    'DDEV_COMPOSER_ROOT' => '/var/www/html'
    'CRAFT_DB_PASSWORD' => '••'
    'DOCROOT' => 'web'
    'TERMINUS_HIDE_UPDATE_MESSAGE' => '1'
    'PATH' => '/home/martin/bin:/var/www/html/vendor/bin:/usr/local/sbin:/usr/local/bin:/usr/sbin:/usr/bin:/sbin:/bin:/var/www/html/bin:/mnt/ddev-global-cache/global-commands/web'
    'HOST_DOCKER_INTERNAL_IP' => ''
    'DDEV_PROJECT_TYPE' => 'craftcms'
    'DEBIAN_FRONTEND' => 'noninteractive'
    'DDEV_ROUTER_HTTPS_PORT' => '443'
    'EXECIGNORE' => '/var/www/html/vendor/bin/composer'
    'SUPERVISOR_ENABLED' => '1'
    'SUPERVISOR_SERVER_URL' => 'unix:///var/run/supervisor.sock'
    'SUPERVISOR_PROCESS_NAME' => 'php-fpm'
    'SUPERVISOR_GROUP_NAME' => 'php-fpm'
    'HTTP_X_REAL_IP' => '192.168.97.1'
    'HTTP_X_FORWARDED_SERVER' => 'b7fe7a05e28f'
    'HTTP_X_FORWARDED_PROTO' => 'https'
    'HTTP_X_FORWARDED_PORT' => '443'
    'HTTP_X_FORWARDED_HOST' => 'victoria-fans.ddev.site'
    'HTTP_X_FORWARDED_FOR' => '192.168.97.1'
    'HTTP_UPGRADE_INSECURE_REQUESTS' => '1'
    'HTTP_SEC_FETCH_USER' => '?1'
    'HTTP_SEC_FETCH_SITE' => 'same-origin'
    'HTTP_SEC_FETCH_MODE' => 'navigate'
    'HTTP_SEC_FETCH_DEST' => 'document'
    'HTTP_SEC_CH_UA_PLATFORM' => '\"macOS\"'
    'HTTP_SEC_CH_UA_MOBILE' => '?0'
    'HTTP_SEC_CH_UA' => '\"Google Chrome\";v=\"143\", \"Chromium\";v=\"143\", \"Not A(Brand\";v=\"24\"'
    'HTTP_REFERER' => 'https://victoria-fans.ddev.site/axial-bifurcated-ancillaries/mounting-feet'
    'HTTP_PRIORITY' => 'u=0, i'
    'HTTP_COOKIE' => '_ga_6HWZ1LZRXD=GS2.1.s1765728966$o15$g0$t1765728966$j60$l0$h0; _ga_K0KW1BWRG5=GS2.1.s1765728966$o15$g0$t1765728966$j60$l0$h0; _ga_F0QD5V46WT=GS2.1.s1765880621$o4$g1$t1765881927$j60$l0$h0; _ga_NC92H6VZNQ=GS2.1.s1766060755$o28$g1$t1766061157$j44$l0$h0; _gid=GA1.2.349740502.1767694145; ffb7d9598ebafef0470704b93df90ee9username=c1ae39c0af8a80c6d3e498cd4e13fbb0f237e659s%3A56%3A%2231a5c2b19a201ea022296b7696060aaa5868cb0aczo1OiJBZG1pbiI7%22%3B; CraftSessionId=781ecba242ff65694c7564967572785c; CRAFT_CSRF_TOKEN=053f387fb789562bb7de65e2a00091d5d94f973fs%3A40%3A%222FMiHoN9D9Qq_yCFYWcva~D3jcCwBu9jaF3xldJX%22%3B; _ga_CVGB2W62R0=GS2.1.s1767694144$o1$g1$t1767695650$j59$l0$h0; _ga=GA1.1.2132040124.1763373465'
    'HTTP_ACCEPT_LANGUAGE' => 'en-GB,en-US;q=0.9,en;q=0.8'
    'HTTP_ACCEPT_ENCODING' => 'gzip, deflate, br, zstd'
    'HTTP_ACCEPT' => 'text/html,application/xhtml+xml,application/xml;q=0.9,image/avif,image/webp,image/apng,*/*;q=0.8,application/signed-exchange;v=b3;q=0.7'
    'HTTP_USER_AGENT' => 'Mozilla/5.0 (Macintosh; Intel Mac OS X 10_15_7) AppleWebKit/537.36 (KHTML, like Gecko) Chrome/143.0.0.0 Safari/537.36'
    'HTTP_HOST' => 'victoria-fans.ddev.site'
    'HTTPS' => 'on'
    'REDIRECT_STATUS' => '200'
    'SERVER_NAME' => 'victoria-fans.ddev.site'
    'SERVER_PORT' => '80'
    'SERVER_ADDR' => '192.168.97.3'
    'REMOTE_PORT' => '42766'
    'REMOTE_ADDR' => '192.168.97.5'
    'SERVER_SOFTWARE' => 'nginx/1.28.0'
    'GATEWAY_INTERFACE' => 'CGI/1.1'
    'REQUEST_SCHEME' => 'http'
    'SERVER_PROTOCOL' => 'HTTP/1.1'
    'DOCUMENT_ROOT' => '/var/www/html/web'
    'DOCUMENT_URI' => '/index.php'
    'REQUEST_URI' => '/'
    'CONTENT_LENGTH' => ''
    'CONTENT_TYPE' => ''
    'REQUEST_METHOD' => 'GET'
    'QUERY_STRING' => ''
    'SCRIPT_NAME' => '/index.php'
    'SCRIPT_FILENAME' => '/var/www/html/web/index.php'
    'FCGI_ROLE' => 'RESPONDER'
    'PHP_SELF' => '/index.php'
    'REQUEST_TIME_FLOAT' => 1767696720.0419
    'REQUEST_TIME' => 1767696720
    'ENVIRONMENT' => 'dev'
    'APP_ID' => 'CraftCMS--victoria-fans'
    'SECURITY_KEY' => '••••••••••••••••••••••••••••••••'
    'DB_DRIVER' => 'mysql'
    'DB_SERVER' => 'db'
    'DB_PORT' => '3306'
    'DB_DATABASE' => 'db'
    'DB_USER' => 'db'
    'DB_PASSWORD' => '••'
    'DB_SCHEMA' => 'public'
    'DB_TABLE_PREFIX' => 'craft_'
    'CP_TRIGGER' => 'admin'
    'DEV_MODE' => 'true'
    'ALLOW_ADMIN_CHANGES' => 'true'
    'DISALLOW_ROBOTS' => 'true'
]
